<?xml version="1.0" encoding="UTF-8"?>
<testsuite xmlns:xsi="http://www.w3.org/2001/XMLSchema-instance" xsi:noNamespaceSchemaLocation="https://maven.apache.org/surefire/maven-surefire-plugin/xsd/surefire-test-report.xsd" version="3.0.2" name="com.mipt.angelikaliber.controller.TaskControllerTest" time="1.864" tests="16" errors="0" skipped="0" failures="0" flakes="0">
  <properties>
[...]
</properties>
  <testcase name="createReturnsBadRequestWhenTitleMissing" classname="com.mipt.angelikaliber.controller.TaskControllerTest" time="0.164">
    <system-out><![CDATA[
  .   ____          _            __ _ _
 /\\ / ___'_ __ _ _(_)_ __  __ _ \ \ \ \
( ( )\___ | '_ | '_| | '_ \/ _` | \ \ \ \
 \\/  ___)| |_)| | | | | || (_| |  ) ) ) )
  '  |____| .__|_| |_|_| |_\__, | / / / /
 =========|_|==============|___/=/_/_/_/

 :: Spring Boot ::               (v3.5.14)

2026-05-21T22:33:47.416+03:00  INFO 41848 --- [angelikaliber] [           main] c.m.a.controller.TaskControllerTest      : Starting TaskControllerTest using Java 25.0.2 with PID 41848 (started by aliberscomp in /Users/aliberscomp/javahw2)
2026-05-21T22:33:47.416+03:00  INFO 41848 --- [angelikaliber] [           main] c.m.a.controller.TaskControllerTest      : The following 1 profile is active: "test"
2026-05-21T22:33:47.922+03:00  WARN 41848 --- [angelikaliber] [           main] org.hibernate.orm.deprecation            : HHH90000025: H2Dialect does not need to be specified explicitly using 'hibernate.dialect' (remove the property setting and it will be selected by default)
2026-05-21T22:33:48.264+03:00  INFO 41848 --- [angelikaliber] [           main] c.m.a.aspect.TaskLifecycleProcessor      : BeanPostProcessor: after init  bean='taskRepository' type=$Proxy158
2026-05-21T22:33:48.265+03:00  INFO 41848 --- [angelikaliber] [           main] c.m.a.aspect.TaskLifecycleProcessor      : BeanPostProcessor: before init bean='taskService' type=TaskService
2026-05-21T22:33:48.265+03:00  INFO 41848 --- [angelikaliber] [           main] c.m.angelikaliber.service.TaskService    : [To-Do List Manager (test) v0.0.1-SNAPSHOT] TaskService is ready, repository=$Proxy158
2026-05-21T22:33:48.267+03:00  INFO 41848 --- [angelikaliber] [           main] c.m.a.aspect.TaskLifecycleProcessor      : BeanPostProcessor: after init  bean='taskService' type=TaskService$$SpringCGLIB$$0
2026-05-21T22:33:48.877+03:00  INFO 41848 --- [angelikaliber] [           main] c.m.a.controller.TaskControllerTest      : Started TaskControllerTest in 1.474 seconds (process running for 7.263)
]]></system-out>
  </testcase>
  <testcase name="getAllReturnsEmptyList" classname="com.mipt.angelikaliber.controller.TaskControllerTest" time="0.024">
    <system-out><![CDATA[2026-05-21T22:33:49.056+03:00  INFO 41848 --- [angelikaliber] [o-auto-1-exec-2] c.m.angelikaliber.aspect.LoggingAspect   : --> TaskService.findAll args=[]
2026-05-21T22:33:49.058+03:00  INFO 41848 --- [angelikaliber] [o-auto-1-exec-2] c.m.angelikaliber.aspect.LoggingAspect   : <-- TaskService.findAll result=[]
]]></system-out>
  </testcase>
  <testcase name="bulkCompleteRollsBackWhenUnknownId" classname="com.mipt.angelikaliber.controller.TaskControllerTest" time="0.02">
    <system-out><![CDATA[2026-05-21T22:33:49.083+03:00  INFO 41848 --- [angelikaliber] [o-auto-1-exec-3] c.m.angelikaliber.aspect.LoggingAspect   : --> TaskService.bulkCompleteTasks args=[[9, 9999]]
2026-05-21T22:33:49.087+03:00  WARN 41848 --- [angelikaliber] [o-auto-1-exec-3] c.m.angelikaliber.aspect.LoggingAspect   : <-- TaskService.bulkCompleteTasks threw BulkCompleteFailedException: Task not found: 9999
]]></system-out>
  </testcase>
  <testcase name="createReturnsCreated" classname="com.mipt.angelikaliber.controller.TaskControllerTest" time="0.016">
    <system-out><![CDATA[2026-05-21T22:33:49.102+03:00  INFO 41848 --- [angelikaliber] [o-auto-1-exec-4] c.m.angelikaliber.aspect.LoggingAspect   : --> TaskService.create args=[com.mipt.angelikaliber.model.Task@dda5e139]
2026-05-21T22:33:49.103+03:00  INFO 41848 --- [angelikaliber] [o-auto-1-exec-4] c.m.angelikaliber.aspect.LoggingAspect   : <-- TaskService.create result=com.mipt.angelikaliber.model.Task@ddaa6cef
]]></system-out>
  </testcase>
  <testcase name="updateRejectsShortTitle" classname="com.mipt.angelikaliber.controller.TaskControllerTest" time="0.019"/>
  <testcase name="createReturnsBadRequestWhenDueDateInPast" classname="com.mipt.angelikaliber.controller.TaskControllerTest" time="0.01"/>
  <testcase name="getByIdReturnsNotFound" classname="com.mipt.angelikaliber.controller.TaskControllerTest" time="0.009">
    <system-out><![CDATA[2026-05-21T22:33:49.146+03:00  INFO 41848 --- [angelikaliber] [o-auto-1-exec-7] c.m.angelikaliber.aspect.LoggingAspect   : --> TaskService.getById args=[9999]
2026-05-21T22:33:49.147+03:00  WARN 41848 --- [angelikaliber] [o-auto-1-exec-7] c.m.angelikaliber.aspect.LoggingAspect   : <-- TaskService.getById threw TaskNotFoundException: Task not found: 9999
]]></system-out>
  </testcase>
  <testcase name="updateReturnsUpdatedTask" classname="com.mipt.angelikaliber.controller.TaskControllerTest" time="0.016">
    <system-out><![CDATA[2026-05-21T22:33:49.158+03:00  INFO 41848 --- [angelikaliber] [o-auto-1-exec-8] c.m.angelikaliber.aspect.LoggingAspect   : --> TaskService.getById args=[12]
2026-05-21T22:33:49.159+03:00  INFO 41848 --- [angelikaliber] [o-auto-1-exec-8] c.m.angelikaliber.aspect.LoggingAspect   : <-- TaskService.getById result=com.mipt.angelikaliber.model.Task@7ef79d47
2026-05-21T22:33:49.159+03:00  INFO 41848 --- [angelikaliber] [o-auto-1-exec-8] c.m.angelikaliber.aspect.LoggingAspect   : --> TaskService.update args=[12, com.mipt.angelikaliber.model.Task@7ee69e7a]
2026-05-21T22:33:49.160+03:00  INFO 41848 --- [angelikaliber] [o-auto-1-exec-8] c.m.angelikaliber.aspect.LoggingAspect   : <-- TaskService.update result=com.mipt.angelikaliber.model.Task@7ee69e7a
]]></system-out>
  </testcase>
  <testcase name="deleteReturnsNotFound" classname="com.mipt.angelikaliber.controller.TaskControllerTest" time="0.017">
    <system-out><![CDATA[2026-05-21T22:33:49.173+03:00  INFO 41848 --- [angelikaliber] [o-auto-1-exec-9] c.m.angelikaliber.aspect.LoggingAspect   : --> TaskService.delete args=[9999]
2026-05-21T22:33:49.182+03:00  WARN 41848 --- [angelikaliber] [o-auto-1-exec-9] c.m.angelikaliber.aspect.LoggingAspect   : <-- TaskService.delete threw TaskNotFoundException: Task not found: 9999
]]></system-out>
  </testcase>
  <testcase name="getAllReturnsListAndCountHeader" classname="com.mipt.angelikaliber.controller.TaskControllerTest" time="0.008">
    <system-out><![CDATA[2026-05-21T22:33:49.190+03:00  INFO 41848 --- [angelikaliber] [-auto-1-exec-10] c.m.angelikaliber.aspect.LoggingAspect   : --> TaskService.findAll args=[]
2026-05-21T22:33:49.191+03:00  INFO 41848 --- [angelikaliber] [-auto-1-exec-10] c.m.angelikaliber.aspect.LoggingAspect   : <-- TaskService.findAll result=[com.mipt.angelikaliber.model.Task@98473d04, com.mipt.angelikaliber.model.Task@78d89968]
]]></system-out>
  </testcase>
  <testcase name="createReturnsBadRequestWhenTooManyTags" classname="com.mipt.angelikaliber.controller.TaskControllerTest" time="0.008"/>
  <testcase name="getByIdReturnsTask" classname="com.mipt.angelikaliber.controller.TaskControllerTest" time="0.009">
    <system-out><![CDATA[2026-05-21T22:33:49.207+03:00  INFO 41848 --- [angelikaliber] [o-auto-1-exec-2] c.m.angelikaliber.aspect.LoggingAspect   : --> TaskService.getById args=[15]
2026-05-21T22:33:49.208+03:00  INFO 41848 --- [angelikaliber] [o-auto-1-exec-2] c.m.angelikaliber.aspect.LoggingAspect   : <-- TaskService.getById result=com.mipt.angelikaliber.model.Task@1950558e
]]></system-out>
  </testcase>
  <testcase name="bulkCompleteMarksTasks" classname="com.mipt.angelikaliber.controller.TaskControllerTest" time="0.014">
    <system-out><![CDATA[2026-05-21T22:33:49.217+03:00  INFO 41848 --- [angelikaliber] [o-auto-1-exec-3] c.m.angelikaliber.aspect.LoggingAspect   : --> TaskService.bulkCompleteTasks args=[[16, 17]]
2026-05-21T22:33:49.218+03:00  INFO 41848 --- [angelikaliber] [o-auto-1-exec-3] c.m.angelikaliber.aspect.LoggingAspect   : <-- TaskService.bulkCompleteTasks result=[com.mipt.angelikaliber.model.Task@a52f295, com.mipt.angelikaliber.model.Task@a9e195a]
]]></system-out>
  </testcase>
  <testcase name="updateRejectsPastDueDate" classname="com.mipt.angelikaliber.controller.TaskControllerTest" time="0.011"/>
  <testcase name="updateReturnsNotFound" classname="com.mipt.angelikaliber.controller.TaskControllerTest" time="0.008">
    <system-out><![CDATA[2026-05-21T22:33:49.241+03:00  INFO 41848 --- [angelikaliber] [o-auto-1-exec-5] c.m.angelikaliber.aspect.LoggingAspect   : --> TaskService.getById args=[9999]
2026-05-21T22:33:49.242+03:00  WARN 41848 --- [angelikaliber] [o-auto-1-exec-5] c.m.angelikaliber.aspect.LoggingAspect   : <-- TaskService.getById threw TaskNotFoundException: Task not found: 9999
]]></system-out>
  </testcase>
  <testcase name="deleteReturnsNoContent" classname="com.mipt.angelikaliber.controller.TaskControllerTest" time="0.012">
    <system-out><![CDATA[2026-05-21T22:33:49.251+03:00  INFO 41848 --- [angelikaliber] [o-auto-1-exec-6] c.m.angelikaliber.aspect.LoggingAspect   : --> TaskService.delete args=[19]
2026-05-21T22:33:49.253+03:00  INFO 41848 --- [angelikaliber] [o-auto-1-exec-6] c.m.angelikaliber.aspect.LoggingAspect   : <-- TaskService.delete (void)
]]></system-out>
  </testcase>
</testsuite>