<?xml version="1.0" encoding="UTF-8"?>
<testsuite xmlns:xsi="http://www.w3.org/2001/XMLSchema-instance" xsi:noNamespaceSchemaLocation="https://maven.apache.org/surefire/maven-surefire-plugin/xsd/surefire-test-report.xsd" version="3.0.2" name="com.mipt.angelikaliber.controller.TaskControllerTest" time="0.595" tests="10" errors="0" skipped="0" failures="0" flakes="0">
  <properties>
[...]
</properties>
  <testcase name="createReturnsBadRequestWhenTitleMissing" classname="com.mipt.angelikaliber.controller.TaskControllerTest" time="0.132">
    <system-out><![CDATA[2026-05-03T12:57:15.864+03:00  INFO 27100 --- [angelikaliber] [           main] t.c.s.AnnotationConfigContextLoaderUtils : Could not detect default configuration classes for test class [com.mipt.angelikaliber.controller.TaskControllerTest]: TaskControllerTest does not declare any static, non-private, non-final, nested classes annotated with @Configuration.
2026-05-03T12:57:15.870+03:00  INFO 27100 --- [angelikaliber] [           main] .b.t.c.SpringBootTestContextBootstrapper : Found @SpringBootConfiguration com.mipt.angelikaliber.AngelikaliberApplication for test class com.mipt.angelikaliber.controller.TaskControllerTest

  .   ____          _            __ _ _
 /\\ / ___'_ __ _ _(_)_ __  __ _ \ \ \ \
( ( )\___ | '_ | '_| | '_ \/ _` | \ \ \ \
 \\/  ___)| |_)| | | | | || (_| |  ) ) ) )
  '  |____| .__|_| |_|_| |_\__, | / / / /
 =========|_|==============|___/=/_/_/_/

 :: Spring Boot ::               (v3.5.14)

2026-05-03T12:57:15.885+03:00  INFO 27100 --- [angelikaliber] [           main] c.m.a.controller.TaskControllerTest      : Starting TaskControllerTest using Java 25.0.2 with PID 27100 (started by aliberscomp in /Users/aliberscomp/IdeaProjects/mtcjavahw)
2026-05-03T12:57:15.885+03:00 DEBUG 27100 --- [angelikaliber] [           main] c.m.a.controller.TaskControllerTest      : Running with Spring Boot v3.5.14, Spring v6.2.18
2026-05-03T12:57:15.885+03:00  INFO 27100 --- [angelikaliber] [           main] c.m.a.controller.TaskControllerTest      : The following 1 profile is active: "dev"
2026-05-03T12:57:16.047+03:00  INFO 27100 --- [angelikaliber] [           main] o.s.b.w.embedded.tomcat.TomcatWebServer  : Tomcat initialized with port 0 (http)
2026-05-03T12:57:16.053+03:00  INFO 27100 --- [angelikaliber] [           main] o.apache.catalina.core.StandardService   : Starting service [Tomcat]
2026-05-03T12:57:16.053+03:00  INFO 27100 --- [angelikaliber] [           main] o.apache.catalina.core.StandardEngine    : Starting Servlet engine: [Apache Tomcat/10.1.54]
2026-05-03T12:57:16.072+03:00  INFO 27100 --- [angelikaliber] [           main] o.a.c.c.C.[Tomcat].[localhost].[/]       : Initializing Spring embedded WebApplicationContext
2026-05-03T12:57:16.073+03:00  INFO 27100 --- [angelikaliber] [           main] w.s.c.ServletWebServerApplicationContext : Root WebApplicationContext: initialization completed in 188 ms
2026-05-03T12:57:16.096+03:00  INFO 27100 --- [angelikaliber] [           main] c.m.a.aspect.TaskLifecycleProcessor      : BeanPostProcessor: before init bean='taskService' type=TaskService
2026-05-03T12:57:16.096+03:00  INFO 27100 --- [angelikaliber] [           main] c.m.angelikaliber.service.TaskService    : [To-Do List Manager (dev) v0.0.1-SNAPSHOT] initCache: warming task cache from TaskRepository$MockitoMock$Fz4CarFN
2026-05-03T12:57:16.102+03:00  INFO 27100 --- [angelikaliber] [           main] c.m.angelikaliber.service.TaskService    : initCache: loaded 0 tasks into cache
2026-05-03T12:57:16.102+03:00  INFO 27100 --- [angelikaliber] [           main] c.m.a.aspect.TaskLifecycleProcessor      : BeanPostProcessor: after init  bean='taskService' type=TaskService$$SpringCGLIB$$0
2026-05-03T12:57:16.103+03:00  INFO 27100 --- [angelikaliber] [           main] c.m.a.aspect.TaskLifecycleProcessor      : BeanPostProcessor: before init bean='stubTaskRepository' type=StubTaskRepository
2026-05-03T12:57:16.103+03:00  INFO 27100 --- [angelikaliber] [           main] c.m.a.aspect.TaskLifecycleProcessor      : BeanPostProcessor: after init  bean='stubTaskRepository' type=StubTaskRepository
2026-05-03T12:57:16.120+03:00 DEBUG 27100 --- [angelikaliber] [           main] s.w.s.m.m.a.RequestMappingHandlerMapping : 8 mappings in 'requestMappingHandlerMapping'
2026-05-03T12:57:16.143+03:00 DEBUG 27100 --- [angelikaliber] [           main] o.s.w.s.handler.SimpleUrlHandlerMapping  : Patterns [/webjars/**, /**] in 'resourceHandlerMapping'
2026-05-03T12:57:16.144+03:00 DEBUG 27100 --- [angelikaliber] [           main] s.w.s.m.m.a.RequestMappingHandlerAdapter : ControllerAdvice beans: 0 @ModelAttribute, 0 @InitBinder, 1 RequestBodyAdvice, 1 ResponseBodyAdvice
2026-05-03T12:57:16.149+03:00 DEBUG 27100 --- [angelikaliber] [           main] .m.m.a.ExceptionHandlerExceptionResolver : ControllerAdvice beans: 0 @ExceptionHandler, 1 ResponseBodyAdvice
2026-05-03T12:57:16.260+03:00  INFO 27100 --- [angelikaliber] [           main] o.s.b.w.embedded.tomcat.TomcatWebServer  : Tomcat started on port 60584 (http) with context path '/'
2026-05-03T12:57:16.262+03:00  INFO 27100 --- [angelikaliber] [           main] c.m.a.controller.TaskControllerTest      : Started TaskControllerTest in 0.39 seconds (process running for 1.882)
2026-05-03T12:57:16.276+03:00 DEBUG 27100 --- [angelikaliber] [           main] o.s.web.client.RestTemplate              : HTTP POST http://localhost:60584/api/tasks
2026-05-03T12:57:16.294+03:00 DEBUG 27100 --- [angelikaliber] [           main] o.s.web.client.RestTemplate              : Accept=[application/json, application/*+json]
2026-05-03T12:57:16.298+03:00 DEBUG 27100 --- [angelikaliber] [           main] o.s.web.client.RestTemplate              : Writing [Task{id='null', title='  ', description='no title', completed=false}] with org.springframework.http.converter.json.MappingJackson2HttpMessageConverter
2026-05-03T12:57:16.337+03:00  INFO 27100 --- [angelikaliber] [o-auto-1-exec-1] o.a.c.c.C.[Tomcat].[localhost].[/]       : Initializing Spring DispatcherServlet 'dispatcherServlet'
2026-05-03T12:57:16.337+03:00  INFO 27100 --- [angelikaliber] [o-auto-1-exec-1] o.s.web.servlet.DispatcherServlet        : Initializing Servlet 'dispatcherServlet'
2026-05-03T12:57:16.337+03:00 DEBUG 27100 --- [angelikaliber] [o-auto-1-exec-1] o.s.web.servlet.DispatcherServlet        : Detected StandardServletMultipartResolver
2026-05-03T12:57:16.337+03:00 DEBUG 27100 --- [angelikaliber] [o-auto-1-exec-1] o.s.web.servlet.DispatcherServlet        : Detected AcceptHeaderLocaleResolver
2026-05-03T12:57:16.337+03:00 DEBUG 27100 --- [angelikaliber] [o-auto-1-exec-1] o.s.web.servlet.DispatcherServlet        : Detected FixedThemeResolver
2026-05-03T12:57:16.337+03:00 DEBUG 27100 --- [angelikaliber] [o-auto-1-exec-1] o.s.web.servlet.DispatcherServlet        : Detected org.springframework.web.servlet.view.DefaultRequestToViewNameTranslator@6df31abf
2026-05-03T12:57:16.337+03:00 DEBUG 27100 --- [angelikaliber] [o-auto-1-exec-1] o.s.web.servlet.DispatcherServlet        : Detected org.springframework.web.servlet.support.SessionFlashMapManager@121dce2
2026-05-03T12:57:16.338+03:00 DEBUG 27100 --- [angelikaliber] [o-auto-1-exec-1] o.s.web.servlet.DispatcherServlet        : enableLoggingRequestDetails='false': request parameters and headers will be masked to prevent unsafe logging of potentially sensitive data
2026-05-03T12:57:16.338+03:00  INFO 27100 --- [angelikaliber] [o-auto-1-exec-1] o.s.web.servlet.DispatcherServlet        : Completed initialization in 1 ms
2026-05-03T12:57:16.340+03:00 DEBUG 27100 --- [angelikaliber] [o-auto-1-exec-1] o.s.web.servlet.DispatcherServlet        : POST "/api/tasks", parameters={}
2026-05-03T12:57:16.344+03:00 DEBUG 27100 --- [angelikaliber] [o-auto-1-exec-1] s.w.s.m.m.a.RequestMappingHandlerMapping : Mapped to com.mipt.angelikaliber.controller.TaskController#create(Task)
2026-05-03T12:57:16.362+03:00 DEBUG 27100 --- [angelikaliber] [o-auto-1-exec-1] m.m.a.RequestResponseBodyMethodProcessor : Read "application/json;charset=UTF-8" to [Task{id='null', title='  ', description='no title', completed=false}]
2026-05-03T12:57:16.369+03:00 DEBUG 27100 --- [angelikaliber] [o-auto-1-exec-1] o.s.w.s.m.m.a.HttpEntityMethodProcessor  : Using 'application/json', given [application/json, application/*+json] and supported [application/json, application/*+json]
2026-05-03T12:57:16.369+03:00 DEBUG 27100 --- [angelikaliber] [o-auto-1-exec-1] o.s.w.s.m.m.a.HttpEntityMethodProcessor  : Nothing to write: null body
2026-05-03T12:57:16.369+03:00 DEBUG 27100 --- [angelikaliber] [o-auto-1-exec-1] o.s.web.servlet.DispatcherServlet        : Completed 400 BAD_REQUEST
2026-05-03T12:57:16.378+03:00 DEBUG 27100 --- [angelikaliber] [           main] o.s.web.client.RestTemplate              : Response 400 BAD_REQUEST
]]></system-out>
  </testcase>
  <testcase name="updateReturnsNotFoundWhenMissing" classname="com.mipt.angelikaliber.controller.TaskControllerTest" time="0.01">
    <system-out><![CDATA[2026-05-03T12:57:16.400+03:00 DEBUG 27100 --- [angelikaliber] [           main] o.s.web.client.RestTemplate              : HTTP PUT http://localhost:60584/api/tasks/missing
2026-05-03T12:57:16.400+03:00 DEBUG 27100 --- [angelikaliber] [           main] o.s.web.client.RestTemplate              : Accept=[application/json, application/*+json]
2026-05-03T12:57:16.400+03:00 DEBUG 27100 --- [angelikaliber] [           main] o.s.web.client.RestTemplate              : Writing [Task{id='null', title='Whatever', description='x', completed=false}] with org.springframework.http.converter.json.MappingJackson2HttpMessageConverter
2026-05-03T12:57:16.402+03:00 DEBUG 27100 --- [angelikaliber] [o-auto-1-exec-2] o.s.web.servlet.DispatcherServlet        : PUT "/api/tasks/missing", parameters={}
2026-05-03T12:57:16.402+03:00 DEBUG 27100 --- [angelikaliber] [o-auto-1-exec-2] s.w.s.m.m.a.RequestMappingHandlerMapping : Mapped to com.mipt.angelikaliber.controller.TaskController#update(String, Task)
2026-05-03T12:57:16.404+03:00 DEBUG 27100 --- [angelikaliber] [o-auto-1-exec-2] m.m.a.RequestResponseBodyMethodProcessor : Read "application/json;charset=UTF-8" to [Task{id='null', title='Whatever', description='x', completed=false}]
2026-05-03T12:57:16.405+03:00  INFO 27100 --- [angelikaliber] [o-auto-1-exec-2] c.m.angelikaliber.aspect.LoggingAspect   : --> TaskService.update args=[missing, Task{id='null', title='Whatever', description='x', completed=false}]
2026-05-03T12:57:16.406+03:00  INFO 27100 --- [angelikaliber] [o-auto-1-exec-2] c.m.angelikaliber.aspect.LoggingAspect   : <-- TaskService.update result=Optional.empty
2026-05-03T12:57:16.406+03:00 DEBUG 27100 --- [angelikaliber] [o-auto-1-exec-2] o.s.w.s.m.m.a.HttpEntityMethodProcessor  : Using 'application/json', given [application/json, application/*+json] and supported [application/json, application/*+json]
2026-05-03T12:57:16.406+03:00 DEBUG 27100 --- [angelikaliber] [o-auto-1-exec-2] o.s.w.s.m.m.a.HttpEntityMethodProcessor  : Nothing to write: null body
2026-05-03T12:57:16.406+03:00 DEBUG 27100 --- [angelikaliber] [o-auto-1-exec-2] o.s.web.servlet.DispatcherServlet        : Completed 404 NOT_FOUND
2026-05-03T12:57:16.407+03:00 DEBUG 27100 --- [angelikaliber] [           main] o.s.web.client.RestTemplate              : Response 404 NOT_FOUND
]]></system-out>
  </testcase>
  <testcase name="deleteReturnsNoContentWhenRemoved" classname="com.mipt.angelikaliber.controller.TaskControllerTest" time="0.005">
    <system-out><![CDATA[2026-05-03T12:57:16.410+03:00 DEBUG 27100 --- [angelikaliber] [           main] o.s.web.client.RestTemplate              : HTTP DELETE http://localhost:60584/api/tasks/t-7
2026-05-03T12:57:16.411+03:00 DEBUG 27100 --- [angelikaliber] [           main] o.s.web.client.RestTemplate              : Accept=[application/json, application/*+json]
2026-05-03T12:57:16.412+03:00 DEBUG 27100 --- [angelikaliber] [o-auto-1-exec-3] o.s.web.servlet.DispatcherServlet        : DELETE "/api/tasks/t-7", parameters={}
2026-05-03T12:57:16.412+03:00 DEBUG 27100 --- [angelikaliber] [o-auto-1-exec-3] s.w.s.m.m.a.RequestMappingHandlerMapping : Mapped to com.mipt.angelikaliber.controller.TaskController#delete(String)
2026-05-03T12:57:16.412+03:00  INFO 27100 --- [angelikaliber] [o-auto-1-exec-3] c.m.angelikaliber.aspect.LoggingAspect   : --> TaskService.delete args=[t-7]
2026-05-03T12:57:16.412+03:00  INFO 27100 --- [angelikaliber] [o-auto-1-exec-3] c.m.angelikaliber.aspect.LoggingAspect   : <-- TaskService.delete result=true
2026-05-03T12:57:16.413+03:00 DEBUG 27100 --- [angelikaliber] [o-auto-1-exec-3] o.s.w.s.m.m.a.HttpEntityMethodProcessor  : Using 'application/json', given [application/json, application/*+json] and supported [application/json, application/*+json]
2026-05-03T12:57:16.413+03:00 DEBUG 27100 --- [angelikaliber] [o-auto-1-exec-3] o.s.w.s.m.m.a.HttpEntityMethodProcessor  : Nothing to write: null body
2026-05-03T12:57:16.413+03:00 DEBUG 27100 --- [angelikaliber] [o-auto-1-exec-3] o.s.web.servlet.DispatcherServlet        : Completed 204 NO_CONTENT
2026-05-03T12:57:16.413+03:00 DEBUG 27100 --- [angelikaliber] [           main] o.s.web.client.RestTemplate              : Response 204 NO_CONTENT
]]></system-out>
  </testcase>
  <testcase name="getAllReturnsListOfTasks" classname="com.mipt.angelikaliber.controller.TaskControllerTest" time="0.013">
    <system-out><![CDATA[2026-05-03T12:57:16.416+03:00 DEBUG 27100 --- [angelikaliber] [           main] o.s.web.client.RestTemplate              : HTTP GET http://localhost:60584/api/tasks
2026-05-03T12:57:16.416+03:00 DEBUG 27100 --- [angelikaliber] [           main] o.s.web.client.RestTemplate              : Accept=[application/json, application/*+json]
2026-05-03T12:57:16.417+03:00 DEBUG 27100 --- [angelikaliber] [o-auto-1-exec-4] o.s.web.servlet.DispatcherServlet        : GET "/api/tasks", parameters={}
2026-05-03T12:57:16.417+03:00 DEBUG 27100 --- [angelikaliber] [o-auto-1-exec-4] s.w.s.m.m.a.RequestMappingHandlerMapping : Mapped to com.mipt.angelikaliber.controller.TaskController#findAll()
2026-05-03T12:57:16.418+03:00  INFO 27100 --- [angelikaliber] [o-auto-1-exec-4] c.m.angelikaliber.aspect.LoggingAspect   : --> TaskService.findAll args=[]
2026-05-03T12:57:16.418+03:00  INFO 27100 --- [angelikaliber] [o-auto-1-exec-4] c.m.angelikaliber.aspect.LoggingAspect   : <-- TaskService.findAll result=[Task{id='t1', title='Read', description='spec', completed=false}, Task{id='t2', title='Code', description='MVP', completed=true}]
2026-05-03T12:57:16.421+03:00 DEBUG 27100 --- [angelikaliber] [o-auto-1-exec-4] m.m.a.RequestResponseBodyMethodProcessor : Using 'application/json', given [application/json, application/*+json] and supported [application/json, application/*+json]
2026-05-03T12:57:16.421+03:00 DEBUG 27100 --- [angelikaliber] [o-auto-1-exec-4] m.m.a.RequestResponseBodyMethodProcessor : Writing [[Task{id='t1', title='Read', description='spec', completed=false}, Task{id='t2', title='Code', descr (truncated)...]
2026-05-03T12:57:16.422+03:00 DEBUG 27100 --- [angelikaliber] [o-auto-1-exec-4] o.s.web.servlet.DispatcherServlet        : Completed 200 OK
2026-05-03T12:57:16.423+03:00 DEBUG 27100 --- [angelikaliber] [           main] o.s.web.client.RestTemplate              : Response 200 OK
2026-05-03T12:57:16.423+03:00 DEBUG 27100 --- [angelikaliber] [           main] o.s.web.client.RestTemplate              : Reading to [com.mipt.angelikaliber.model.Task[]]
]]></system-out>
  </testcase>
  <testcase name="getAllReturnsEmptyListWhenRepositoryIsEmpty" classname="com.mipt.angelikaliber.controller.TaskControllerTest" time="0.005">
    <system-out><![CDATA[2026-05-03T12:57:16.429+03:00 DEBUG 27100 --- [angelikaliber] [           main] o.s.web.client.RestTemplate              : HTTP GET http://localhost:60584/api/tasks
2026-05-03T12:57:16.429+03:00 DEBUG 27100 --- [angelikaliber] [           main] o.s.web.client.RestTemplate              : Accept=[application/json, application/*+json]
2026-05-03T12:57:16.430+03:00 DEBUG 27100 --- [angelikaliber] [o-auto-1-exec-5] o.s.web.servlet.DispatcherServlet        : GET "/api/tasks", parameters={}
2026-05-03T12:57:16.430+03:00 DEBUG 27100 --- [angelikaliber] [o-auto-1-exec-5] s.w.s.m.m.a.RequestMappingHandlerMapping : Mapped to com.mipt.angelikaliber.controller.TaskController#findAll()
2026-05-03T12:57:16.430+03:00  INFO 27100 --- [angelikaliber] [o-auto-1-exec-5] c.m.angelikaliber.aspect.LoggingAspect   : --> TaskService.findAll args=[]
2026-05-03T12:57:16.430+03:00  INFO 27100 --- [angelikaliber] [o-auto-1-exec-5] c.m.angelikaliber.aspect.LoggingAspect   : <-- TaskService.findAll result=[]
2026-05-03T12:57:16.431+03:00 DEBUG 27100 --- [angelikaliber] [o-auto-1-exec-5] m.m.a.RequestResponseBodyMethodProcessor : Using 'application/json', given [application/json, application/*+json] and supported [application/json, application/*+json]
2026-05-03T12:57:16.431+03:00 DEBUG 27100 --- [angelikaliber] [o-auto-1-exec-5] m.m.a.RequestResponseBodyMethodProcessor : Writing [[]]
2026-05-03T12:57:16.432+03:00 DEBUG 27100 --- [angelikaliber] [o-auto-1-exec-5] o.s.web.servlet.DispatcherServlet        : Completed 200 OK
2026-05-03T12:57:16.432+03:00 DEBUG 27100 --- [angelikaliber] [           main] o.s.web.client.RestTemplate              : Response 200 OK
2026-05-03T12:57:16.432+03:00 DEBUG 27100 --- [angelikaliber] [           main] o.s.web.client.RestTemplate              : Reading to [com.mipt.angelikaliber.model.Task[]]
]]></system-out>
  </testcase>
  <testcase name="getByIdReturnsTaskWhenFound" classname="com.mipt.angelikaliber.controller.TaskControllerTest" time="0.005">
    <system-out><![CDATA[2026-05-03T12:57:16.435+03:00 DEBUG 27100 --- [angelikaliber] [           main] o.s.web.client.RestTemplate              : HTTP GET http://localhost:60584/api/tasks/t-1
2026-05-03T12:57:16.435+03:00 DEBUG 27100 --- [angelikaliber] [           main] o.s.web.client.RestTemplate              : Accept=[application/json, application/*+json]
2026-05-03T12:57:16.436+03:00 DEBUG 27100 --- [angelikaliber] [o-auto-1-exec-6] o.s.web.servlet.DispatcherServlet        : GET "/api/tasks/t-1", parameters={}
2026-05-03T12:57:16.436+03:00 DEBUG 27100 --- [angelikaliber] [o-auto-1-exec-6] s.w.s.m.m.a.RequestMappingHandlerMapping : Mapped to com.mipt.angelikaliber.controller.TaskController#findById(String)
2026-05-03T12:57:16.437+03:00  INFO 27100 --- [angelikaliber] [o-auto-1-exec-6] c.m.angelikaliber.aspect.LoggingAspect   : --> TaskService.findById args=[t-1]
2026-05-03T12:57:16.437+03:00  INFO 27100 --- [angelikaliber] [o-auto-1-exec-6] c.m.angelikaliber.aspect.LoggingAspect   : <-- TaskService.findById result=Optional[Task{id='t-1', title='Title', description='Desc', completed=false}]
2026-05-03T12:57:16.437+03:00 DEBUG 27100 --- [angelikaliber] [o-auto-1-exec-6] o.s.w.s.m.m.a.HttpEntityMethodProcessor  : Using 'application/json', given [application/json, application/*+json] and supported [application/json, application/*+json]
2026-05-03T12:57:16.437+03:00 DEBUG 27100 --- [angelikaliber] [o-auto-1-exec-6] o.s.w.s.m.m.a.HttpEntityMethodProcessor  : Writing [Task{id='t-1', title='Title', description='Desc', completed=false}]
2026-05-03T12:57:16.438+03:00 DEBUG 27100 --- [angelikaliber] [o-auto-1-exec-6] o.s.web.servlet.DispatcherServlet        : Completed 200 OK
2026-05-03T12:57:16.438+03:00 DEBUG 27100 --- [angelikaliber] [           main] o.s.web.client.RestTemplate              : Response 200 OK
2026-05-03T12:57:16.438+03:00 DEBUG 27100 --- [angelikaliber] [           main] o.s.web.client.RestTemplate              : Reading to [com.mipt.angelikaliber.model.Task]
]]></system-out>
  </testcase>
  <testcase name="getByIdReturnsNotFoundWhenMissing" classname="com.mipt.angelikaliber.controller.TaskControllerTest" time="0.004">
    <system-out><![CDATA[2026-05-03T12:57:16.441+03:00 DEBUG 27100 --- [angelikaliber] [           main] o.s.web.client.RestTemplate              : HTTP GET http://localhost:60584/api/tasks/missing
2026-05-03T12:57:16.441+03:00 DEBUG 27100 --- [angelikaliber] [           main] o.s.web.client.RestTemplate              : Accept=[application/json, application/*+json]
2026-05-03T12:57:16.441+03:00 DEBUG 27100 --- [angelikaliber] [o-auto-1-exec-7] o.s.web.servlet.DispatcherServlet        : GET "/api/tasks/missing", parameters={}
2026-05-03T12:57:16.441+03:00 DEBUG 27100 --- [angelikaliber] [o-auto-1-exec-7] s.w.s.m.m.a.RequestMappingHandlerMapping : Mapped to com.mipt.angelikaliber.controller.TaskController#findById(String)
2026-05-03T12:57:16.441+03:00  INFO 27100 --- [angelikaliber] [o-auto-1-exec-7] c.m.angelikaliber.aspect.LoggingAspect   : --> TaskService.findById args=[missing]
2026-05-03T12:57:16.442+03:00  INFO 27100 --- [angelikaliber] [o-auto-1-exec-7] c.m.angelikaliber.aspect.LoggingAspect   : <-- TaskService.findById result=Optional.empty
2026-05-03T12:57:16.442+03:00 DEBUG 27100 --- [angelikaliber] [o-auto-1-exec-7] o.s.w.s.m.m.a.HttpEntityMethodProcessor  : Using 'application/json', given [application/json, application/*+json] and supported [application/json, application/*+json]
2026-05-03T12:57:16.442+03:00 DEBUG 27100 --- [angelikaliber] [o-auto-1-exec-7] o.s.w.s.m.m.a.HttpEntityMethodProcessor  : Nothing to write: null body
2026-05-03T12:57:16.442+03:00 DEBUG 27100 --- [angelikaliber] [o-auto-1-exec-7] o.s.web.servlet.DispatcherServlet        : Completed 404 NOT_FOUND
2026-05-03T12:57:16.442+03:00 DEBUG 27100 --- [angelikaliber] [           main] o.s.web.client.RestTemplate              : Response 404 NOT_FOUND
]]></system-out>
  </testcase>
  <testcase name="createReturnsCreatedTask" classname="com.mipt.angelikaliber.controller.TaskControllerTest" time="0.006">
    <system-out><![CDATA[2026-05-03T12:57:16.444+03:00 DEBUG 27100 --- [angelikaliber] [           main] o.s.web.client.RestTemplate              : HTTP POST http://localhost:60584/api/tasks
2026-05-03T12:57:16.444+03:00 DEBUG 27100 --- [angelikaliber] [           main] o.s.web.client.RestTemplate              : Accept=[application/json, application/*+json]
2026-05-03T12:57:16.445+03:00 DEBUG 27100 --- [angelikaliber] [           main] o.s.web.client.RestTemplate              : Writing [Task{id='null', title='New task', description='details', completed=false}] with org.springframework.http.converter.json.MappingJackson2HttpMessageConverter
2026-05-03T12:57:16.445+03:00 DEBUG 27100 --- [angelikaliber] [o-auto-1-exec-8] o.s.web.servlet.DispatcherServlet        : POST "/api/tasks", parameters={}
2026-05-03T12:57:16.445+03:00 DEBUG 27100 --- [angelikaliber] [o-auto-1-exec-8] s.w.s.m.m.a.RequestMappingHandlerMapping : Mapped to com.mipt.angelikaliber.controller.TaskController#create(Task)
2026-05-03T12:57:16.446+03:00 DEBUG 27100 --- [angelikaliber] [o-auto-1-exec-8] m.m.a.RequestResponseBodyMethodProcessor : Read "application/json;charset=UTF-8" to [Task{id='null', title='New task', description='details', completed=false}]
2026-05-03T12:57:16.446+03:00  INFO 27100 --- [angelikaliber] [o-auto-1-exec-8] c.m.angelikaliber.aspect.LoggingAspect   : --> TaskService.create args=[Task{id='null', title='New task', description='details', completed=false}]
2026-05-03T12:57:16.446+03:00  INFO 27100 --- [angelikaliber] [o-auto-1-exec-8] c.m.angelikaliber.aspect.LoggingAspect   : <-- TaskService.create result=Task{id='mock-4f6a0a8b-7e87-4255-9781-c75ea4a297b0', title='New task', description='details', completed=false}
2026-05-03T12:57:16.446+03:00 DEBUG 27100 --- [angelikaliber] [o-auto-1-exec-8] o.s.w.s.m.m.a.HttpEntityMethodProcessor  : Using 'application/json', given [application/json, application/*+json] and supported [application/json, application/*+json]
2026-05-03T12:57:16.446+03:00 DEBUG 27100 --- [angelikaliber] [o-auto-1-exec-8] o.s.w.s.m.m.a.HttpEntityMethodProcessor  : Writing [Task{id='mock-4f6a0a8b-7e87-4255-9781-c75ea4a297b0', title='New task', description='details', comple (truncated)...]
2026-05-03T12:57:16.447+03:00 DEBUG 27100 --- [angelikaliber] [o-auto-1-exec-8] o.s.web.servlet.DispatcherServlet        : Completed 201 CREATED
2026-05-03T12:57:16.447+03:00 DEBUG 27100 --- [angelikaliber] [           main] o.s.web.client.RestTemplate              : Response 201 CREATED
2026-05-03T12:57:16.447+03:00 DEBUG 27100 --- [angelikaliber] [           main] o.s.web.client.RestTemplate              : Reading to [com.mipt.angelikaliber.model.Task]
]]></system-out>
  </testcase>
  <testcase name="deleteReturnsNotFoundWhenMissing" classname="com.mipt.angelikaliber.controller.TaskControllerTest" time="0.004">
    <system-out><![CDATA[2026-05-03T12:57:16.451+03:00 DEBUG 27100 --- [angelikaliber] [           main] o.s.web.client.RestTemplate              : HTTP DELETE http://localhost:60584/api/tasks/missing
2026-05-03T12:57:16.451+03:00 DEBUG 27100 --- [angelikaliber] [           main] o.s.web.client.RestTemplate              : Accept=[application/json, application/*+json]
2026-05-03T12:57:16.452+03:00 DEBUG 27100 --- [angelikaliber] [o-auto-1-exec-9] o.s.web.servlet.DispatcherServlet        : DELETE "/api/tasks/missing", parameters={}
2026-05-03T12:57:16.452+03:00 DEBUG 27100 --- [angelikaliber] [o-auto-1-exec-9] s.w.s.m.m.a.RequestMappingHandlerMapping : Mapped to com.mipt.angelikaliber.controller.TaskController#delete(String)
2026-05-03T12:57:16.452+03:00  INFO 27100 --- [angelikaliber] [o-auto-1-exec-9] c.m.angelikaliber.aspect.LoggingAspect   : --> TaskService.delete args=[missing]
2026-05-03T12:57:16.452+03:00  INFO 27100 --- [angelikaliber] [o-auto-1-exec-9] c.m.angelikaliber.aspect.LoggingAspect   : <-- TaskService.delete result=false
2026-05-03T12:57:16.453+03:00 DEBUG 27100 --- [angelikaliber] [o-auto-1-exec-9] o.s.w.s.m.m.a.HttpEntityMethodProcessor  : Using 'application/json', given [application/json, application/*+json] and supported [application/json, application/*+json]
2026-05-03T12:57:16.453+03:00 DEBUG 27100 --- [angelikaliber] [o-auto-1-exec-9] o.s.w.s.m.m.a.HttpEntityMethodProcessor  : Nothing to write: null body
2026-05-03T12:57:16.453+03:00 DEBUG 27100 --- [angelikaliber] [o-auto-1-exec-9] o.s.web.servlet.DispatcherServlet        : Completed 404 NOT_FOUND
2026-05-03T12:57:16.453+03:00 DEBUG 27100 --- [angelikaliber] [           main] o.s.web.client.RestTemplate              : Response 404 NOT_FOUND
]]></system-out>
  </testcase>
  <testcase name="updateReturnsUpdatedTaskWhenFound" classname="com.mipt.angelikaliber.controller.TaskControllerTest" time="0.004">
    <system-out><![CDATA[2026-05-03T12:57:16.455+03:00 DEBUG 27100 --- [angelikaliber] [           main] o.s.web.client.RestTemplate              : HTTP PUT http://localhost:60584/api/tasks/t-9
2026-05-03T12:57:16.455+03:00 DEBUG 27100 --- [angelikaliber] [           main] o.s.web.client.RestTemplate              : Accept=[application/json, application/*+json]
2026-05-03T12:57:16.455+03:00 DEBUG 27100 --- [angelikaliber] [           main] o.s.web.client.RestTemplate              : Writing [Task{id='null', title='New', description='New desc', completed=true}] with org.springframework.http.converter.json.MappingJackson2HttpMessageConverter
2026-05-03T12:57:16.456+03:00 DEBUG 27100 --- [angelikaliber] [-auto-1-exec-10] o.s.web.servlet.DispatcherServlet        : PUT "/api/tasks/t-9", parameters={}
2026-05-03T12:57:16.456+03:00 DEBUG 27100 --- [angelikaliber] [-auto-1-exec-10] s.w.s.m.m.a.RequestMappingHandlerMapping : Mapped to com.mipt.angelikaliber.controller.TaskController#update(String, Task)
2026-05-03T12:57:16.456+03:00 DEBUG 27100 --- [angelikaliber] [-auto-1-exec-10] m.m.a.RequestResponseBodyMethodProcessor : Read "application/json;charset=UTF-8" to [Task{id='null', title='New', description='New desc', completed=true}]
2026-05-03T12:57:16.456+03:00  INFO 27100 --- [angelikaliber] [-auto-1-exec-10] c.m.angelikaliber.aspect.LoggingAspect   : --> TaskService.update args=[t-9, Task{id='null', title='New', description='New desc', completed=true}]
2026-05-03T12:57:16.457+03:00  INFO 27100 --- [angelikaliber] [-auto-1-exec-10] c.m.angelikaliber.aspect.LoggingAspect   : <-- TaskService.update result=Optional[Task{id='t-9', title='New', description='New desc', completed=true}]
2026-05-03T12:57:16.457+03:00 DEBUG 27100 --- [angelikaliber] [-auto-1-exec-10] o.s.w.s.m.m.a.HttpEntityMethodProcessor  : Using 'application/json', given [application/json, application/*+json] and supported [application/json, application/*+json]
2026-05-03T12:57:16.457+03:00 DEBUG 27100 --- [angelikaliber] [-auto-1-exec-10] o.s.w.s.m.m.a.HttpEntityMethodProcessor  : Writing [Task{id='t-9', title='New', description='New desc', completed=true}]
2026-05-03T12:57:16.457+03:00 DEBUG 27100 --- [angelikaliber] [-auto-1-exec-10] o.s.web.servlet.DispatcherServlet        : Completed 200 OK
2026-05-03T12:57:16.457+03:00 DEBUG 27100 --- [angelikaliber] [           main] o.s.web.client.RestTemplate              : Response 200 OK
2026-05-03T12:57:16.457+03:00 DEBUG 27100 --- [angelikaliber] [           main] o.s.web.client.RestTemplate              : Reading to [com.mipt.angelikaliber.model.Task]
]]></system-out>
  </testcase>
</testsuite>